[2017-08-11 15:37:30] local.ERROR: Symfony\Component\Console\Exception\CommandNotFoundException: There are no commands defined in the "clear" namespace. in /var/www/admin.tapklik.com/vendor/symfony/console/Application.php:538
Stack trace:
#0 /var/www/admin.tapklik.com/vendor/symfony/console/Application.php(570): Symfony\Component\Console\Application->findNamespace('clear')
#1 /var/www/admin.tapklik.com/vendor/symfony/console/Application.php(209): Symfony\Component\Console\Application->find('clear:cache')
#2 /var/www/admin.tapklik.com/vendor/symfony/console/Application.php(130): Symfony\Component\Console\Application->doRun(Object(Symfony\Component\Console\Input\ArgvInput), Object(Symfony\Component\Console\Output\ConsoleOutput))
#3 /var/www/admin.tapklik.com/vendor/laravel/framework/src/Illuminate/Foundation/Console/Kernel.php(122): Symfony\Component\Console\Application->run(Object(Symfony\Component\Console\Input\ArgvInput), Object(Symfony\Component\Console\Output\ConsoleOutput))
#4 /var/www/admin.tapklik.com/artisan(35): Illuminate\Foundation\Console\Kernel->handle(Object(Symfony\Component\Console\Input\ArgvInput), Object(Symfony\Component\Console\Output\ConsoleOutput))
#5 {main}  
[2018-05-22 15:16:12] local.ERROR: ErrorException: file_put_contents(/var/www/admin.tapklik.com/storage/framework/sessions/lv64EuRH1VSl2PmEa84QDfAHyDZhxUuP4JZ4oyD8): failed to open stream: No such file or directory in /var/www/admin.tapklik.com/vendor/laravel/framework/src/Illuminate/Filesystem/Filesystem.php:122
Stack trace:
#0 [internal function]: Illuminate\Foundation\Bootstrap\HandleExceptions->handleError(2, 'file_put_conten...', '/var/www/admin....', 122, Array)
#1 /var/www/admin.tapklik.com/vendor/laravel/framework/src/Illuminate/Filesystem/Filesystem.php(122): file_put_contents('/var/www/admin....', 'a:3:{s:6:"_toke...', 2)
#2 /var/www/admin.tapklik.com/vendor/laravel/framework/src/Illuminate/Session/FileSessionHandler.php(83): Illuminate\Filesystem\Filesystem->put('/var/www/admin....', 'a:3:{s:6:"_toke...', true)
#3 /var/www/admin.tapklik.com/vendor/laravel/framework/src/Illuminate/Session/Store.php(128): Illuminate\Session\FileSessionHandler->write('lv64EuRH1VSl2Pm...', 'a:3:{s:6:"_toke...')
#4 /var/www/admin.tapklik.com/vendor/laravel/framework/src/Illuminate/Session/Middleware/StartSession.php(88): Illuminate\Session\Store->save()
#5 /var/www/admin.tapklik.com/vendor/laravel/framework/src/Illuminate/Foundation/Http/Kernel.php(218): Illuminate\Session\Middleware\StartSession->terminate(Object(Illuminate\Http\Request), Object(Illuminate\Http\RedirectResponse))
#6 /var/www/admin.tapklik.com/vendor/laravel/framework/src/Illuminate/Foundation/Http/Kernel.php(189): Illuminate\Foundation\Http\Kernel->terminateMiddleware(Object(Illuminate\Http\Request), Object(Illuminate\Http\RedirectResponse))
#7 /var/www/admin.tapklik.com/public/index.php(58): Illuminate\Foundation\Http\Kernel->terminate(Object(Illuminate\Http\Request), Object(Illuminate\Http\RedirectResponse))
#8 {main}  
[2018-05-22 15:16:12] local.ERROR: ErrorException: file_put_contents(/var/www/admin.tapklik.com/storage/framework/sessions/lv64EuRH1VSl2PmEa84QDfAHyDZhxUuP4JZ4oyD8): failed to open stream: No such file or directory in /var/www/admin.tapklik.com/vendor/laravel/framework/src/Illuminate/Filesystem/Filesystem.php:122
Stack trace:
#0 [internal function]: Illuminate\Foundation\Bootstrap\HandleExceptions->handleError(2, 'file_put_conten...', '/var/www/admin....', 122, Array)
#1 /var/www/admin.tapklik.com/vendor/laravel/framework/src/Illuminate/Filesystem/Filesystem.php(122): file_put_contents('/var/www/admin....', 'a:3:{s:6:"_toke...', 2)
#2 /var/www/admin.tapklik.com/vendor/laravel/framework/src/Illuminate/Session/FileSessionHandler.php(83): Illuminate\Filesystem\Filesystem->put('/var/www/admin....', 'a:3:{s:6:"_toke...', true)
#3 /var/www/admin.tapklik.com/vendor/laravel/framework/src/Illuminate/Session/Store.php(128): Illuminate\Session\FileSessionHandler->write('lv64EuRH1VSl2Pm...', 'a:3:{s:6:"_toke...')
#4 /var/www/admin.tapklik.com/vendor/laravel/framework/src/Illuminate/Session/Middleware/StartSession.php(88): Illuminate\Session\Store->save()
#5 /var/www/admin.tapklik.com/vendor/laravel/framework/src/Illuminate/Foundation/Http/Kernel.php(218): Illuminate\Session\Middleware\StartSession->terminate(Object(Illuminate\Http\Request), Object(Illuminate\Http\Response))
#6 /var/www/admin.tapklik.com/vendor/laravel/framework/src/Illuminate/Foundation/Http/Kernel.php(189): Illuminate\Foundation\Http\Kernel->terminateMiddleware(Object(Illuminate\Http\Request), Object(Illuminate\Http\Response))
#7 /var/www/admin.tapklik.com/public/index.php(58): Illuminate\Foundation\Http\Kernel->terminate(Object(Illuminate\Http\Request), Object(Illuminate\Http\Response))
#8 {main}  
[2018-05-22 15:16:13] local.ERROR: ErrorException: file_put_contents(/var/www/admin.tapklik.com/storage/framework/sessions/lv64EuRH1VSl2PmEa84QDfAHyDZhxUuP4JZ4oyD8): failed to open stream: No such file or directory in /var/www/admin.tapklik.com/vendor/laravel/framework/src/Illuminate/Filesystem/Filesystem.php:122
Stack trace:
#0 [internal function]: Illuminate\Foundation\Bootstrap\HandleExceptions->handleError(2, 'file_put_conten...', '/var/www/admin....', 122, Array)
#1 /var/www/admin.tapklik.com/vendor/laravel/framework/src/Illuminate/Filesystem/Filesystem.php(122): file_put_contents('/var/www/admin....', 'a:2:{s:6:"_toke...', 2)
#2 /var/www/admin.tapklik.com/vendor/laravel/framework/src/Illuminate/Session/FileSessionHandler.php(83): Illuminate\Filesystem\Filesystem->put('/var/www/admin....', 'a:2:{s:6:"_toke...', true)
#3 /var/www/admin.tapklik.com/vendor/laravel/framework/src/Illuminate/Session/Store.php(128): Illuminate\Session\FileSessionHandler->write('lv64EuRH1VSl2Pm...', 'a:2:{s:6:"_toke...')
#4 /var/www/admin.tapklik.com/vendor/laravel/framework/src/Illuminate/Session/Middleware/StartSession.php(88): Illuminate\Session\Store->save()
#5 /var/www/admin.tapklik.com/vendor/laravel/framework/src/Illuminate/Foundation/Http/Kernel.php(218): Illuminate\Session\Middleware\StartSession->terminate(Object(Illuminate\Http\Request), Object(Illuminate\Http\JsonResponse))
#6 /var/www/admin.tapklik.com/vendor/laravel/framework/src/Illuminate/Foundation/Http/Kernel.php(189): Illuminate\Foundation\Http\Kernel->terminateMiddleware(Object(Illuminate\Http\Request), Object(Illuminate\Http\JsonResponse))
#7 /var/www/admin.tapklik.com/public/index.php(58): Illuminate\Foundation\Http\Kernel->terminate(Object(Illuminate\Http\Request), Object(Illuminate\Http\JsonResponse))
#8 {main}  
[2018-05-22 15:16:36] local.ERROR: ErrorException: file_put_contents(/var/www/admin.tapklik.com/storage/framework/sessions/lv64EuRH1VSl2PmEa84QDfAHyDZhxUuP4JZ4oyD8): failed to open stream: No such file or directory in /var/www/admin.tapklik.com/vendor/laravel/framework/src/Illuminate/Filesystem/Filesystem.php:122
Stack trace:
#0 [internal function]: Illuminate\Foundation\Bootstrap\HandleExceptions->handleError(2, 'file_put_conten...', '/var/www/admin....', 122, Array)
#1 /var/www/admin.tapklik.com/vendor/laravel/framework/src/Illuminate/Filesystem/Filesystem.php(122): file_put_contents('/var/www/admin....', 'a:3:{s:6:"_toke...', 2)
#2 /var/www/admin.tapklik.com/vendor/laravel/framework/src/Illuminate/Session/FileSessionHandler.php(83): Illuminate\Filesystem\Filesystem->put('/var/www/admin....', 'a:3:{s:6:"_toke...', true)
#3 /var/www/admin.tapklik.com/vendor/laravel/framework/src/Illuminate/Session/Store.php(128): Illuminate\Session\FileSessionHandler->write('lv64EuRH1VSl2Pm...', 'a:3:{s:6:"_toke...')
#4 /var/www/admin.tapklik.com/vendor/laravel/framework/src/Illuminate/Session/Middleware/StartSession.php(88): Illuminate\Session\Store->save()
#5 /var/www/admin.tapklik.com/vendor/laravel/framework/src/Illuminate/Foundation/Http/Kernel.php(218): Illuminate\Session\Middleware\StartSession->terminate(Object(Illuminate\Http\Request), Object(Illuminate\Http\Response))
#6 /var/www/admin.tapklik.com/vendor/laravel/framework/src/Illuminate/Foundation/Http/Kernel.php(189): Illuminate\Foundation\Http\Kernel->terminateMiddleware(Object(Illuminate\Http\Request), Object(Illuminate\Http\Response))
#7 /var/www/admin.tapklik.com/public/index.php(58): Illuminate\Foundation\Http\Kernel->terminate(Object(Illuminate\Http\Request), Object(Illuminate\Http\Response))
#8 {main}  
[2018-05-22 15:16:38] local.ERROR: ErrorException: file_put_contents(/var/www/admin.tapklik.com/storage/framework/sessions/lv64EuRH1VSl2PmEa84QDfAHyDZhxUuP4JZ4oyD8): failed to open stream: No such file or directory in /var/www/admin.tapklik.com/vendor/laravel/framework/src/Illuminate/Filesystem/Filesystem.php:122
Stack trace:
#0 [internal function]: Illuminate\Foundation\Bootstrap\HandleExceptions->handleError(2, 'file_put_conten...', '/var/www/admin....', 122, Array)
#1 /var/www/admin.tapklik.com/vendor/laravel/framework/src/Illuminate/Filesystem/Filesystem.php(122): file_put_contents('/var/www/admin....', 'a:3:{s:6:"_toke...', 2)
#2 /var/www/admin.tapklik.com/vendor/laravel/framework/src/Illuminate/Session/FileSessionHandler.php(83): Illuminate\Filesystem\Filesystem->put('/var/www/admin....', 'a:3:{s:6:"_toke...', true)
#3 /var/www/admin.tapklik.com/vendor/laravel/framework/src/Illuminate/Session/Store.php(128): Illuminate\Session\FileSessionHandler->write('lv64EuRH1VSl2Pm...', 'a:3:{s:6:"_toke...')
#4 /var/www/admin.tapklik.com/vendor/laravel/framework/src/Illuminate/Session/Middleware/StartSession.php(88): Illuminate\Session\Store->save()
#5 /var/www/admin.tapklik.com/vendor/laravel/framework/src/Illuminate/Foundation/Http/Kernel.php(218): Illuminate\Session\Middleware\StartSession->terminate(Object(Illuminate\Http\Request), Object(Illuminate\Http\Response))
#6 /var/www/admin.tapklik.com/vendor/laravel/framework/src/Illuminate/Foundation/Http/Kernel.php(189): Illuminate\Foundation\Http\Kernel->terminateMiddleware(Object(Illuminate\Http\Request), Object(Illuminate\Http\Response))
#7 /var/www/admin.tapklik.com/public/index.php(58): Illuminate\Foundation\Http\Kernel->terminate(Object(Illuminate\Http\Request), Object(Illuminate\Http\Response))
#8 {main}  
[2018-05-22 15:16:39] local.ERROR: ErrorException: file_put_contents(/var/www/admin.tapklik.com/storage/framework/sessions/lv64EuRH1VSl2PmEa84QDfAHyDZhxUuP4JZ4oyD8): failed to open stream: No such file or directory in /var/www/admin.tapklik.com/vendor/laravel/framework/src/Illuminate/Filesystem/Filesystem.php:122
Stack trace:
#0 [internal function]: Illuminate\Foundation\Bootstrap\HandleExceptions->handleError(2, 'file_put_conten...', '/var/www/admin....', 122, Array)
#1 /var/www/admin.tapklik.com/vendor/laravel/framework/src/Illuminate/Filesystem/Filesystem.php(122): file_put_contents('/var/www/admin....', 'a:3:{s:6:"_toke...', 2)
#2 /var/www/admin.tapklik.com/vendor/laravel/framework/src/Illuminate/Session/FileSessionHandler.php(83): Illuminate\Filesystem\Filesystem->put('/var/www/admin....', 'a:3:{s:6:"_toke...', true)
#3 /var/www/admin.tapklik.com/vendor/laravel/framework/src/Illuminate/Session/Store.php(128): Illuminate\Session\FileSessionHandler->write('lv64EuRH1VSl2Pm...', 'a:3:{s:6:"_toke...')
#4 /var/www/admin.tapklik.com/vendor/laravel/framework/src/Illuminate/Session/Middleware/StartSession.php(88): Illuminate\Session\Store->save()
#5 /var/www/admin.tapklik.com/vendor/laravel/framework/src/Illuminate/Foundation/Http/Kernel.php(218): Illuminate\Session\Middleware\StartSession->terminate(Object(Illuminate\Http\Request), Object(Illuminate\Http\Response))
#6 /var/www/admin.tapklik.com/vendor/laravel/framework/src/Illuminate/Foundation/Http/Kernel.php(189): Illuminate\Foundation\Http\Kernel->terminateMiddleware(Object(Illuminate\Http\Request), Object(Illuminate\Http\Response))
#7 /var/www/admin.tapklik.com/public/index.php(58): Illuminate\Foundation\Http\Kernel->terminate(Object(Illuminate\Http\Request), Object(Illuminate\Http\Response))
#8 {main}  
[2018-05-22 15:16:40] local.ERROR: ErrorException: file_put_contents(/var/www/admin.tapklik.com/storage/framework/sessions/lv64EuRH1VSl2PmEa84QDfAHyDZhxUuP4JZ4oyD8): failed to open stream: No such file or directory in /var/www/admin.tapklik.com/vendor/laravel/framework/src/Illuminate/Filesystem/Filesystem.php:122
Stack trace:
#0 [internal function]: Illuminate\Foundation\Bootstrap\HandleExceptions->handleError(2, 'file_put_conten...', '/var/www/admin....', 122, Array)
#1 /var/www/admin.tapklik.com/vendor/laravel/framework/src/Illuminate/Filesystem/Filesystem.php(122): file_put_contents('/var/www/admin....', 'a:2:{s:6:"_toke...', 2)
#2 /var/www/admin.tapklik.com/vendor/laravel/framework/src/Illuminate/Session/FileSessionHandler.php(83): Illuminate\Filesystem\Filesystem->put('/var/www/admin....', 'a:2:{s:6:"_toke...', true)
#3 /var/www/admin.tapklik.com/vendor/laravel/framework/src/Illuminate/Session/Store.php(128): Illuminate\Session\FileSessionHandler->write('lv64EuRH1VSl2Pm...', 'a:2:{s:6:"_toke...')
#4 /var/www/admin.tapklik.com/vendor/laravel/framework/src/Illuminate/Session/Middleware/StartSession.php(88): Illuminate\Session\Store->save()
#5 /var/www/admin.tapklik.com/vendor/laravel/framework/src/Illuminate/Foundation/Http/Kernel.php(218): Illuminate\Session\Middleware\StartSession->terminate(Object(Illuminate\Http\Request), Object(Illuminate\Http\JsonResponse))
#6 /var/www/admin.tapklik.com/vendor/laravel/framework/src/Illuminate/Foundation/Http/Kernel.php(189): Illuminate\Foundation\Http\Kernel->terminateMiddleware(Object(Illuminate\Http\Request), Object(Illuminate\Http\JsonResponse))
#7 /var/www/admin.tapklik.com/public/index.php(58): Illuminate\Foundation\Http\Kernel->terminate(Object(Illuminate\Http\Request), Object(Illuminate\Http\JsonResponse))
#8 {main}  
